<?xml version="1.0" encoding="UTF-8" ?>
<testsuites>
  <testsuite errors="0" failures="0" hostname="PUNL6553" id="0" name="AllTests" package="com.igate.demo2.junit" tests="2" time="0.016" timestamp="2015-11-27T04:44:23">
      <properties>
[...]
</properties>

      <testcase classname="com.igate.demo2.util.test.Addition_test" name="testAddition" time="0.0" />

      <testcase classname="com.igate.demo2.util.test.Multiply_test" name="testMultiply" time="0.0" />

      <system-out><![CDATA[Test use of Addition class
    Result: 9
Test use of Multiply class
    Result: 20
]]></system-out>

      <system-err><![CDATA[]]></system-err>

  </testsuite>
</testsuites>
