<?xml version="1.0" encoding="UTF-8" ?>
<testsuite errors="0" failures="1" hostname="PUNL6553" name="test.TestCalculator" skipped="0" tests="1" time="0.082" timestamp="2015-11-16T10:20:20">
  <properties>
[...]
</properties>
  <testcase classname="test.TestCalculator" name="testMulti" time="0.008">
    <failure message="expected:&lt;150&gt; but was:&lt;50&gt;" type="junit.framework.AssertionFailedError">junit.framework.AssertionFailedError: expected:&lt;150&gt; but was:&lt;50&gt;
	at test.TestCalculator.testMulti(Unknown Source)
</failure>
  </testcase>
  <system-out><![CDATA[]]></system-out>
  <system-err><![CDATA[]]></system-err>
</testsuite>
